<?xml version="1.0" encoding="utf-8"?><testsuites name="pytest tests"><testsuite name="pytest" errors="0" failures="0" skipped="0" tests="8" time="2.465" timestamp="2026-04-18T19:56:48.275421+00:00" hostname="agent-env-3ead8365-1ac6-41ed-8b8d-b9147507d5d4"><testcase classname="backend.tests.test_banbansports_api" name="test_root" time="0.316" /><testcase classname="backend.tests.test_banbansports_api" name="test_livescore_today" time="0.388" /><testcase classname="backend.tests.test_banbansports_api" name="test_livescore_by_date" time="0.416" /><testcase classname="backend.tests.test_banbansports_api" name="test_scores_live" time="0.645" /><testcase classname="backend.tests.test_banbansports_api" name="test_channels" time="0.058" /><testcase classname="backend.tests.test_banbansports_api" name="test_stream_health_trt1" time="0.195" /><testcase classname="backend.tests.test_banbansports_api" name="test_bein_master_manifest" time="0.048" /><testcase classname="backend.tests.test_banbansports_api" name="test_scores_live_has_turkish_priority" time="0.327" /></testsuite></testsuites>