<?xml version="1.0" encoding="utf-8"?><testsuites name="pytest tests"><testsuite name="pytest" errors="0" failures="0" skipped="0" tests="8" time="2.248" timestamp="2026-04-23T22:40:59.030172+00:00" hostname="agent-env-3ead8365-1ac6-41ed-8b8d-b9147507d5d4"><testcase classname="backend.tests.test_banbansports_api" name="test_root" time="0.158" /><testcase classname="backend.tests.test_banbansports_api" name="test_livescore_today" time="0.203" /><testcase classname="backend.tests.test_banbansports_api" name="test_livescore_by_date" time="0.210" /><testcase classname="backend.tests.test_banbansports_api" name="test_scores_live" time="0.583" /><testcase classname="backend.tests.test_banbansports_api" name="test_channels" time="0.053" /><testcase classname="backend.tests.test_banbansports_api" name="test_stream_health_trt1" time="0.445" /><testcase classname="backend.tests.test_banbansports_api" name="test_bein_master_manifest" time="0.046" /><testcase classname="backend.tests.test_banbansports_api" name="test_scores_live_has_turkish_priority" time="0.479" /></testsuite></testsuites>